2026-05-18 20:32:58 - __main__ - INFO - ✓ [gdfanfp] recipe_sent_to_app.mp3
2026-05-18 20:32:59 - __main__ - INFO - tts request: https://tts.dui.ai/runtime/v2/synthesize?voiceId=gdfanfp&deviceName=1C:79:2D:2F:B2:98&nonce=abb5d98301154a22973fe7eaa335e4b7&productId=279630209&timestamp=1779107579707&sig=5b0f670d8acb9a56378c4e36414a7133b265b47a {'context': {'productId': '279630209'}, 'request': {'requestId': 'abb5d98301154a22973fe7eaa335e4b7', 'audio': {'audioType': 'mp3', 'sampleRate': 16000}, 'tts': {'text': '右侧智能灶未开火，无法开启智能烹饪。请将锅具置于右灶后开火。', 'textType': 'text', 'voiceId': 'gdfanfp', 'speed': 1.0, 'volume': 100}}}
2026-05-18 20:32:59 - __main__ - INFO - ✓ [gdfanfp] recipe_stove_not_detected.mp3
2026-05-18 20:33:01 - __main__ - INFO - tts request: https://tts.dui.ai/runtime/v2/synthesize?voiceId=gdfanfp&deviceName=1C:79:2D:2F:B2:98&nonce=d0c2569fc2c74b8f8bc4c9102c08736e&productId=279630209&timestamp=1779107581000&sig=799d1c77c8ff905b9090995457369ab9ceea20b5 {'context': {'productId': '279630209'}, 'request': {'requestId': 'd0c2569fc2c74b8f8bc4c9102c08736e', 'audio': {'audioType': 'mp3', 'sampleRate': 16000}, 'tts': {'text': '网络未连接，无法搜索菜谱。请先使用方太幸福家APP扫码配网吧', 'textType': 'text', 'voiceId': 'gdfanfp', 'speed': 1.0, 'volume': 100}}}
2026-05-18 20:33:01 - __main__ - INFO - ✓ [gdfanfp] recipe_no_network_search.mp3
2026-05-18 20:33:02 - __main__ - INFO - tts request: https://tts.dui.ai/runtime/v2/synthesize?voiceId=gdfanfp&deviceName=1C:79:2D:2F:B2:98&nonce=4e8824f18a8f425481d40eab1658f5fa&productId=279630209&timestamp=1779107582263&sig=84cceb3b653a7b910345cbfc05f9d365c652b374 {'context': {'productId': '279630209'}, 'request': {'requestId': '4e8824f18a8f425481d40eab1658f5fa', 'audio': {'audioType': 'mp3', 'sampleRate': 16000}, 'tts': {'text': '当前网络已断开，无法搜索菜谱。请检查网络状态', 'textType': 'text', 'voiceId': 'gdfanfp', 'speed': 1.0, 'volume': 100}}}
2026-05-18 20:33:02 - __main__ - INFO - ✓ [gdfanfp] recipe_network_disconnected_search.mp3
2026-05-18 20:33:03 - __main__ - INFO - tts request: https://tts.dui.ai/runtime/v2/synthesize?voiceId=gdfanfp&deviceName=1C:79:2D:2F:B2:98&nonce=1c8898bc5a2244baa8fa7dd41963734b&productId=279630209&timestamp=1779107583670&sig=ee2c7b3b9da01397fc128d7bc67904109065da12 {'context': {'productId': '279630209'}, 'request': {'requestId': '1c8898bc5a2244baa8fa7dd41963734b', 'audio': {'audioType': 'mp3', 'sampleRate': 16000}, 'tts': {'text': '您今天想吃什么？', 'textType': 'text', 'voiceId': 'gdfanfp', 'speed': 1.0, 'volume': 100}}}
2026-05-18 20:33:03 - __main__ - INFO - ✓ [gdfanfp] recipe_what_to_eat_today.mp3
2026-05-18 20:33:04 - __main__ - INFO - tts request: https://tts.dui.ai/runtime/v2/synthesize?voiceId=gdfanfp&deviceName=1C:79:2D:2F:B2:98&nonce=6866182008eb4952ae9b4a08754395b5&productId=279630209&timestamp=1779107584137&sig=9a3da4041c192bdd95365825f1141b47d16f3242 {'context': {'productId': '279630209'}, 'request': {'requestId': '6866182008eb4952ae9b4a08754395b5', 'audio': {'audioType': 'mp3', 'sampleRate': 16000}, 'tts': {'text': '已经是最后一步啦~', 'textType': 'text', 'voiceId': 'gdfanfp', 'speed': 1.0, 'volume': 100}}}
2026-05-18 20:33:04 - __main__ - INFO - ✓ [gdfanfp] recipe_aitalk_last_step.mp3
2026-05-18 20:33:04 - __main__ - INFO - tts request: https://tts.dui.ai/runtime/v2/synthesize?voiceId=gdfanfp&deviceName=1C:79:2D:2F:B2:98&nonce=9315375439d04fdaafa042d10f99888f&productId=279630209&timestamp=1779107584615&sig=fad858c7e4d5179f995c79f10e2a5bc1ad4cdaf9 {'context': {'productId': '279630209'}, 'request': {'requestId': '9315375439d04fdaafa042d10f99888f', 'audio': {'audioType': 'mp3', 'sampleRate': 16000}, 'tts': {'text': '欢迎查看灶具菜菜谱，本菜谱可联动智能灶进行智能烹饪哦~', 'textType': 'text', 'voiceId': 'gdfanfp', 'speed': 1.0, 'volume': 100}}}
2026-05-18 20:33:04 - __main__ - INFO - ✓ [gdfanfp] recipe_view_stove_recipes.mp3
2026-05-18 20:33:05 - __main__ - INFO - tts request: https://tts.dui.ai/runtime/v2/synthesize?voiceId=gdfanfp&deviceName=1C:79:2D:2F:B2:98&nonce=a43555ca6b70420c97358977da03c91c&productId=279630209&timestamp=1779107585674&sig=c84dfcd78125389aa449e2d218b2a0730b16a5a7 {'context': {'productId': '279630209'}, 'request': {'requestId': 'a43555ca6b70420c97358977da03c91c', 'audio': {'audioType': 'mp3', 'sampleRate': 16000}, 'tts': {'text': '智能烹饪即将开始，灶具将自动控火。请将锅具置于右侧智能灶眼，开火后，对我说“开始”即可。', 'textType': 'text', 'voiceId': 'gdfanfp', 'speed': 1.0, 'volume': 100}}}
2026-05-18 20:33:05 - __main__ - INFO - ✓ [gdfanfp] recipe_smart_cooking_stoves.mp3
2026-05-18 20:33:07 - __main__ - INFO - tts request: https://tts.dui.ai/runtime/v2/synthesize?voiceId=gdfanfp&deviceName=1C:79:2D:2F:B2:98&nonce=e87d97fec0cd4015a45093e8de7b86fb&productId=279630209&timestamp=1779107587490&sig=246287bbec4010049245a8d9daeb0d03cc6e8275 {'context': {'productId': '279630209'}, 'request': {'requestId': 'e87d97fec0cd4015a45093e8de7b86fb', 'audio': {'audioType': 'mp3', 'sampleRate': 16000}, 'tts': {'text': '本菜谱可联动智能灶进行智能烹饪。未识别到已绑定的灶具，可按视频指导烹饪。', 'textType': 'text', 'voiceId': 'gdfanfp', 'speed': 1.0, 'volume': 100}}}
2026-05-18 20:33:07 - __main__ - INFO - ✓ [gdfanfp] recipe_smart_cooking_no_stoves.mp3
2026-05-18 20:33:09 - __main__ - INFO - tts request: https://tts.dui.ai/runtime/v2/synthesize?voiceId=gdfanfp&deviceName=1C:79:2D:2F:B2:98&nonce=0ceb064395684b72a5cb2d8b11cddc82&productId=279630209&timestamp=1779107589133&sig=08adacbc0cb4a81287b9d81044d4661237bce92a {'context': {'productId': '279630209'}, 'request': {'requestId': '0ceb064395684b72a5cb2d8b11cddc82', 'audio': {'audioType': 'mp3', 'sampleRate': 16000}, 'tts': {'text': '让我们跟随视频一起来看看菜谱的做法，您可以直接对我说‘下一步’、‘上一步’，边看边做。使用这个功能，需要先开启语音助手。是否现在开启？', 'textType': 'text', 'voiceId': 'gdfanfp', 'speed': 1.0, 'volume': 100}}}
2026-05-18 20:33:09 - __main__ - INFO - ✓ [gdfanfp] recipe_turn_on_voice_assistent_reminders.mp3
2026-05-18 20:33:12 - __main__ - INFO - tts request: https://tts.dui.ai/runtime/v2/synthesize?voiceId=gdfanfp&deviceName=1C:79:2D:2F:B2:98&nonce=14bfec661e4449619827c8274601258c&productId=279630209&timestamp=1779107592055&sig=fc82f07a0d89c61b2db418f3b573dfa1e7f3fdba {'context': {'productId': '279630209'}, 'request': {'requestId': '14bfec661e4449619827c8274601258c', 'audio': {'audioType': 'mp3', 'sampleRate': 16000}, 'tts': {'text': '我们将调用麦克风权限获取您的语音指令，不会存储语音信息更不会提取生物特征信息，请放心', 'textType': 'text', 'voiceId': 'gdfanfp', 'speed': 1.0, 'volume': 100}}}
2026-05-18 20:33:12 - __main__ - INFO - ✓ [gdfanfp] recipe_agree_turn_on_voice_assistent.mp3
2026-05-18 20:33:13 - __main__ - INFO - ✓ 全部完成！共处理 15 个音频文件
2026-05-18 20:33:13 - __main__ - INFO - ✓ 文件保存在: output\20260518_203254
